<?xml version="1.0" encoding="UTF-8"?>
<!-- Generated by org.testng.reporters.JUnitXMLReporter -->
<testsuite hostname="DESKTOP-ADQKDF9" ignored="1" name="Anno Demo" tests="2" failures="0" timestamp="2020-07-12T12:22:05 PDT" time="20.766" errors="0">
  <testcase name="launch" time="8.373" classname="classwork.TestAnnotationUsage"/>
  <testcase name="login" time="11.587" classname="classwork.TestAnnotationUsage"/>
  <testcase name="flightDetailsPage" time="0.0" classname="classwork.TestAnnotationUsage">
    <ignored/>
  </testcase> <!-- flightDetailsPage -->
</testsuite> <!-- Anno Demo -->
