<?xml version="1.0" encoding="UTF-8"?>
<!-- Generated by org.testng.reporters.JUnitXMLReporter -->
<testsuite hostname="DESKTOP-ADQKDF9" ignored="0" name="Param test" tests="3" failures="0" timestamp="2020-07-14T12:10:43 PDT" time="16.569" errors="0">
  <testcase name="launch" time="10.29" classname="classwork.ParametersDemo"/>
  <testcase name="search" time="5.331" classname="classwork.ParametersDemo"/>
  <testcase name="closeDriver" time="0.907" classname="classwork.ParametersDemo"/>
</testsuite> <!-- Param test -->
