<?xml version="1.0" encoding="UTF-8"?>
<!-- Generated by org.testng.reporters.JUnitXMLReporter -->
<testsuite hostname="DESKTOP-ADQKDF9" ignored="0" name="Default test" tests="6" failures="0" timestamp="2020-07-15T13:01:56 PDT" time="45.131" errors="0">
  <testcase name="launch" time="12.647" classname="classwork.DataProviderDemo"/>
  <testcase name="search" time="7.371" classname="classwork.DataProviderDemo"/>
  <testcase name="search" time="8.747" classname="classwork.DataProviderDemo"/>
  <testcase name="search" time="7.429" classname="classwork.DataProviderDemo"/>
  <testcase name="search" time="7.902" classname="classwork.DataProviderDemo"/>
  <testcase name="closeDriver" time="0.985" classname="classwork.DataProviderDemo"/>
</testsuite> <!-- Default test -->
