<?xml version="1.0" encoding="UTF-8"?>
<!-- Generated by org.testng.reporters.JUnitXMLReporter -->
<testsuite hostname="DESKTOP-ADQKDF9" ignored="0" name="Test1" tests="4" failures="0" timestamp="2020-07-12T14:31:53 PDT" time="22.061" errors="0">
  <testcase name="home" time="2.055" classname="classwork.GroupsDemo"/>
  <testcase name="search" time="5.903" classname="classwork.GroupsDemo"/>
  <testcase name="clickCart" time="1.78" classname="classwork.GroupsDemo"/>
  <testcase name="quit" time="1.016" classname="classwork.GroupsDemo"/>
</testsuite> <!-- Test1 -->
