<?xml version="1.0" encoding="UTF-8"?>
<!-- Generated by org.testng.reporters.JUnitXMLReporter -->
<testsuite hostname="DESKTOP-ADQKDF9" ignored="0" name="Datapro test" tests="6" failures="0" timestamp="2020-07-15T13:16:36 PDT" time="41.509" errors="0">
  <testcase name="launch" time="10.756" classname="classwork.DataProviderDemo"/>
  <testcase name="search" time="7.288" classname="classwork.DataProviderDemo"/>
  <testcase name="search" time="7.104" classname="classwork.DataProviderDemo"/>
  <testcase name="search" time="7.715" classname="classwork.DataProviderDemo"/>
  <testcase name="search" time="7.638" classname="classwork.DataProviderDemo"/>
  <testcase name="closeDriver" time="0.978" classname="classwork.DataProviderDemo"/>
</testsuite> <!-- Datapro test -->
